  zhuabao.cpp
C:\Users\william\source\repos\windows_gre\windows_gre\zhuabao.cpp(144,25): warning C4996: 'strcpy': This function or variable may be unsafe. Consider using strcpy_s instead. To disable deprecation, use _CRT_SECURE_NO_WARNINGS. See online help for details.
C:\Users\william\source\repos\windows_gre\windows_gre\zhuabao.cpp(152,17): warning C4996: 'strcpy': This function or variable may be unsafe. Consider using strcpy_s instead. To disable deprecation, use _CRT_SECURE_NO_WARNINGS. See online help for details.
C:\Users\william\source\repos\windows_gre\windows_gre\zhuabao.cpp(153,17): warning C4996: 'strcat': This function or variable may be unsafe. Consider using strcat_s instead. To disable deprecation, use _CRT_SECURE_NO_WARNINGS. See online help for details.
C:\Users\william\source\repos\windows_gre\windows_gre\zhuabao.cpp(154,17): warning C4996: 'strcat': This function or variable may be unsafe. Consider using strcat_s instead. To disable deprecation, use _CRT_SECURE_NO_WARNINGS. See online help for details.
C:\Users\william\source\repos\windows_gre\windows_gre\zhuabao.cpp(104,15): warning C4996: 'fopen': This function or variable may be unsafe. Consider using fopen_s instead. To disable deprecation, use _CRT_SECURE_NO_WARNINGS. See online help for details.
C:\Users\william\source\repos\windows_gre\windows_gre\zhuabao.cpp(196,30): warning C4996: 'inet_addr': Use inet_pton() or InetPton() instead or define _WINSOCK_DEPRECATED_NO_WARNINGS to disable deprecated API warnings
C:\Users\william\source\repos\windows_gre\windows_gre\zhuabao.cpp(185,11): warning C4101: “ethertype”: 未引用的局部变量
C:\Users\william\source\repos\windows_gre\windows_gre\zhuabao.cpp(618,29): warning C4996: 'inet_addr': Use inet_pton() or InetPton() instead or define _WINSOCK_DEPRECATED_NO_WARNINGS to disable deprecated API warnings
C:\Users\william\source\repos\windows_gre\windows_gre\zhuabao.cpp(575,9): warning C4101: “ec”: 未引用的局部变量
C:\Users\william\source\repos\windows_gre\windows_gre\zhuabao.cpp(648,39): warning C4244: “+=”: 从“double”转换到“uint”，可能丢失数据
C:\Users\william\source\repos\windows_gre\windows_gre\zhuabao.cpp(643,13): warning C4996: 'strtok': This function or variable may be unsafe. Consider using strtok_s instead. To disable deprecation, use _CRT_SECURE_NO_WARNINGS. See online help for details.
C:\Users\william\source\repos\windows_gre\windows_gre\zhuabao.cpp(651,17): warning C4996: 'strtok': This function or variable may be unsafe. Consider using strtok_s instead. To disable deprecation, use _CRT_SECURE_NO_WARNINGS. See online help for details.
C:\Users\william\source\repos\windows_gre\windows_gre\zhuabao.cpp(721,5): warning C4996: 'strcat': This function or variable may be unsafe. Consider using strcat_s instead. To disable deprecation, use _CRT_SECURE_NO_WARNINGS. See online help for details.
C:\Users\william\source\repos\windows_gre\windows_gre\zhuabao.cpp(722,5): warning C4996: 'strcat': This function or variable may be unsafe. Consider using strcat_s instead. To disable deprecation, use _CRT_SECURE_NO_WARNINGS. See online help for details.
C:\Users\william\source\repos\windows_gre\windows_gre\zhuabao.cpp(698,27): warning C4101: “Open”: 未引用的局部变量
C:\Users\william\source\repos\windows_gre\windows_gre\zhuabao.cpp(694,11): warning C4101: “AdapterName”: 未引用的局部变量
C:\Users\william\source\repos\windows_gre\windows_gre\zhuabao.cpp(695,11): warning C4101: “temp”: 未引用的局部变量
C:\Users\william\source\repos\windows_gre\windows_gre\zhuabao.cpp(699,12): warning C4101: “AdapterLength”: 未引用的局部变量
C:\Users\william\source\repos\windows_gre\windows_gre\zhuabao.cpp(695,19): warning C4101: “temp1”: 未引用的局部变量
C:\Users\william\source\repos\windows_gre\windows_gre\zhuabao.cpp(842,17): warning C4554: “&”: 检查运算符优先级是否存在的可能的错误；使用括号阐明优先级
C:\Users\william\source\repos\windows_gre\windows_gre\zhuabao.cpp(790,26): warning C4101: “ulen”: 未引用的局部变量
C:\Users\william\source\repos\windows_gre\windows_gre\zhuabao.cpp(791,20): warning C4101: “pLine”: 未引用的局部变量
C:\Users\william\source\repos\windows_gre\windows_gre\zhuabao.cpp(790,14): warning C4101: “j”: 未引用的局部变量
C:\Users\william\source\repos\windows_gre\windows_gre\zhuabao.cpp(790,11): warning C4101: “i”: 未引用的局部变量
C:\Users\william\source\repos\windows_gre\windows_gre\zhuabao.cpp(936,13): warning C4996: 'strcpy': This function or variable may be unsafe. Consider using strcpy_s instead. To disable deprecation, use _CRT_SECURE_NO_WARNINGS. See online help for details.
C:\Users\william\source\repos\windows_gre\windows_gre\zhuabao.cpp(975,17): warning C4996: 'strcat': This function or variable may be unsafe. Consider using strcat_s instead. To disable deprecation, use _CRT_SECURE_NO_WARNINGS. See online help for details.
C:\Users\william\source\repos\windows_gre\windows_gre\zhuabao.cpp(976,17): warning C4996: 'strcat': This function or variable may be unsafe. Consider using strcat_s instead. To disable deprecation, use _CRT_SECURE_NO_WARNINGS. See online help for details.
C:\Users\william\source\repos\windows_gre\windows_gre\zhuabao.cpp(1647,21): warning C4996: 'inet_ntoa': Use inet_ntop() or InetNtop() instead or define _WINSOCK_DEPRECATED_NO_WARNINGS to disable deprecated API warnings
C:\Users\william\source\repos\windows_gre\windows_gre\zhuabao.cpp(1697,21): warning C4996: 'inet_ntoa': Use inet_ntop() or InetNtop() instead or define _WINSOCK_DEPRECATED_NO_WARNINGS to disable deprecated API warnings
C:\Users\william\source\repos\windows_gre\windows_gre\zhuabao.cpp(1487,10): warning C4101: “buf”: 未引用的局部变量
C:\Users\william\source\repos\windows_gre\windows_gre\zhuabao.cpp(1489,9): warning C4101: “i”: 未引用的局部变量
C:\Users\william\source\repos\windows_gre\windows_gre\zhuabao.cpp(1488,10): warning C4101: “str”: 未引用的局部变量
C:\Users\william\source\repos\windows_gre\windows_gre\zhuabao.cpp(1583,24): warning C4101: “cJSON_islive”: 未引用的局部变量
C:\Users\william\source\repos\windows_gre\windows_gre\zhuabao.cpp(1583,40): warning C4101: “cJSON_uuid”: 未引用的局部变量
C:\Users\william\source\repos\windows_gre\windows_gre\zhuabao.cpp(1752,5): warning C4996: 'strcpy': This function or variable may be unsafe. Consider using strcpy_s instead. To disable deprecation, use _CRT_SECURE_NO_WARNINGS. See online help for details.
C:\Users\william\source\repos\windows_gre\windows_gre\zhuabao.cpp(1760,5): warning C4996: 'strcpy': This function or variable may be unsafe. Consider using strcpy_s instead. To disable deprecation, use _CRT_SECURE_NO_WARNINGS. See online help for details.
C:\Users\william\source\repos\windows_gre\windows_gre\zhuabao.cpp(1761,5): warning C4996: 'strcpy': This function or variable may be unsafe. Consider using strcpy_s instead. To disable deprecation, use _CRT_SECURE_NO_WARNINGS. See online help for details.
C:\Users\william\source\repos\windows_gre\windows_gre\zhuabao.cpp(1730,19): warning C4996: 'getcwd': The POSIX name for this item is deprecated. Instead, use the ISO C and C++ conformant name: _getcwd. See online help for details.
  正在生成代码
  3 of 515 functions ( 0.6%) were compiled, the rest were copied from previous compilation.
    0 functions were new in current compilation
    1 functions had inline decision re-evaluated but remain unchanged
  已完成代码的生成
  windows_gre.vcxproj -> C:\Users\william\source\repos\windows_gre\Release\windows_gre.exe
